{
  "stats": {
    "suites": 1,
    "tests": 5,
    "passes": 5,
    "pending": 0,
    "failures": 0,
    "start": "2022-02-13T17:04:31.130Z",
    "end": "2022-02-13T17:05:22.073Z",
    "duration": 50943,
    "testsRegistered": 5,
    "passPercent": 100,
    "pendingPercent": 0,
    "other": 0,
    "hasOther": false,
    "skipped": 0,
    "hasSkipped": false
  },
  "results": [
    {
      "uuid": "c6a5dbe3-ee9b-44af-85fa-9c09f10b4322",
      "title": "",
      "fullFile": "cypress/integration/testcases/assessment.js",
      "file": "cypress/integration/testcases/assessment.js",
      "beforeHooks": [],
      "afterHooks": [],
      "tests": [],
      "suites": [
        {
          "uuid": "a2cc7fdf-a3ab-4418-90fa-b52e0c967dfd",
          "title": "Selecting Item Module",
          "fullFile": "",
          "file": "",
          "beforeHooks": [],
          "afterHooks": [],
          "tests": [
            {
              "title": "Verify user can navigate to launch the url",
              "fullTitle": "Selecting Item Module Verify user can navigate to launch the url",
              "timedOut": null,
              "duration": 24185,
              "state": "passed",
              "speed": "slow",
              "pass": true,
              "fail": false,
              "pending": false,
              "context": null,
              "code": "cy.visit('/');\namazon.homepageAllSideMenu().should('be.visible');\namazon.homepageAmazonIcon().should('be.visible');\namazon.homepageSignIn().should('be.visible').and('have.text', 'Hello, Sign in');",
              "err": {},
              "uuid": "fa13deed-a08a-4d54-8c5b-baa63968b2a5",
              "parentUUID": "a2cc7fdf-a3ab-4418-90fa-b52e0c967dfd",
              "isHook": false,
              "skipped": false
            },
            {
              "title": "Verify user can search for shoes",
              "fullTitle": "Selecting Item Module Verify user can search for shoes",
              "timedOut": null,
              "duration": 10640,
              "state": "passed",
              "speed": "slow",
              "pass": true,
              "fail": false,
              "pending": false,
              "context": null,
              "code": "amazon.searchBox().should('be.visible').type('shoes');\namazon.searchButton().click();",
              "err": {},
              "uuid": "555e0453-dd4b-4631-bd97-ec897bbbe21f",
              "parentUUID": "a2cc7fdf-a3ab-4418-90fa-b52e0c967dfd",
              "isHook": false,
              "skipped": false
            },
            {
              "title": "Verify searched shoe page loads successfully",
              "fullTitle": "Selecting Item Module Verify searched shoe page loads successfully",
              "timedOut": null,
              "duration": 89,
              "state": "passed",
              "speed": "fast",
              "pass": true,
              "fail": false,
              "pending": false,
              "context": null,
              "code": "//to check url changes to search for shoes\ncy.url().should('include', 'shoes');\namazon.resultReturned().should('have.text', '\"shoes\"'); //check that shoe is displayed\namazon.verifyShoeReturned().should('be.visible').and('have.text', \"TOMS Women's Seasonal Classic Alpargata\");",
              "err": {},
              "uuid": "f2a2635c-af16-4d59-808a-c9eea86ddcd9",
              "parentUUID": "a2cc7fdf-a3ab-4418-90fa-b52e0c967dfd",
              "isHook": false,
              "skipped": false
            },
            {
              "title": "Verify user can select a shoe",
              "fullTitle": "Selecting Item Module Verify user can select a shoe",
              "timedOut": null,
              "duration": 12259,
              "state": "passed",
              "speed": "slow",
              "pass": true,
              "fail": false,
              "pending": false,
              "context": null,
              "code": "amazon.selectShoeReturned().should('be.visible').and('have.text', \"Amazon Essentials Women's Loafer Flat\").click();",
              "err": {},
              "uuid": "b37df72c-fc0e-4c95-a7a4-1ab0d694a526",
              "parentUUID": "a2cc7fdf-a3ab-4418-90fa-b52e0c967dfd",
              "isHook": false,
              "skipped": false
            },
            {
              "title": "Verify shoe selected is displayed",
              "fullTitle": "Selecting Item Module Verify shoe selected is displayed",
              "timedOut": null,
              "duration": 3326,
              "state": "passed",
              "speed": "fast",
              "pass": true,
              "fail": false,
              "pending": false,
              "context": null,
              "code": "amazon.selectedProductTitle().should('be.visible').and('contain.text', \"Amazon Essentials Women's Loafer Flat\");\namazon.productRating().should('be.visible');\namazon.productImage().should('be.visible');\namazon.returnedPrice().should('be.visible');\ncy.wait(3000);",
              "err": {},
              "uuid": "b2058d4b-c0bc-49be-a189-dbba68cef617",
              "parentUUID": "a2cc7fdf-a3ab-4418-90fa-b52e0c967dfd",
              "isHook": false,
              "skipped": false
            }
          ],
          "suites": [],
          "passes": [
            "fa13deed-a08a-4d54-8c5b-baa63968b2a5",
            "555e0453-dd4b-4631-bd97-ec897bbbe21f",
            "f2a2635c-af16-4d59-808a-c9eea86ddcd9",
            "b37df72c-fc0e-4c95-a7a4-1ab0d694a526",
            "b2058d4b-c0bc-49be-a189-dbba68cef617"
          ],
          "failures": [],
          "pending": [],
          "skipped": [],
          "duration": 50499,
          "root": false,
          "rootEmpty": false,
          "_timeout": 2000
        }
      ],
      "passes": [],
      "failures": [],
      "pending": [],
      "skipped": [],
      "duration": 0,
      "root": true,
      "rootEmpty": true,
      "_timeout": 2000
    }
  ],
  "meta": {
    "mocha": {
      "version": "7.0.1"
    },
    "mochawesome": {
      "options": {
        "quiet": false,
        "reportFilename": "mochawesome",
        "saveHtml": true,
        "saveJson": true,
        "consoleReporter": "spec",
        "useInlineDiffs": false,
        "code": true
      },
      "version": "6.3.1"
    },
    "marge": {
      "options": null,
      "version": "5.2.0"
    }
  }
}